2023-01-24 12:13:13,825 INFO User aahan22001@iiitd.ac.in created.
2023-01-24 12:13:13,873 INFO Experience aahan22001@iiitd.ac.in created.
2023-01-24 12:13:14,116 WARNING User aakansha22002@iiitd.ac.in already exists. Password updated.
2023-01-24 12:13:14,185 INFO Experience aakansha22002@iiitd.ac.in created.
2023-01-24 12:13:14,405 INFO User aakarsh22003@iiitd.ac.in created.
2023-01-24 12:13:14,447 INFO Experience aakarsh22003@iiitd.ac.in created.
2023-01-24 12:13:14,668 INFO User aaradhya22004@iiitd.ac.in created.
2023-01-24 12:13:14,720 INFO Experience aaradhya22004@iiitd.ac.in created.
2023-01-24 12:13:14,961 INFO User aarav22005@iiitd.ac.in created.
2023-01-24 12:13:15,002 INFO Experience aarav22005@iiitd.ac.in created.
2023-01-24 12:13:15,224 INFO User aarya22006@iiitd.ac.in created.
2023-01-24 12:13:15,271 INFO Experience aarya22006@iiitd.ac.in created.
2023-01-24 12:13:15,475 INFO User aarya22007@iiitd.ac.in created.
2023-01-24 12:13:15,519 INFO Experience aarya22007@iiitd.ac.in created.
2023-01-24 12:13:15,733 INFO User aarzoo22008@iiitd.ac.in created.
2023-01-24 12:13:15,778 INFO Experience aarzoo22008@iiitd.ac.in created.
2023-01-24 12:13:15,985 INFO User aastha22009@iiitd.ac.in created.
2023-01-24 12:13:16,028 INFO Experience aastha22009@iiitd.ac.in created.
2023-01-24 12:13:16,240 INFO User aayu22010@iiitd.ac.in created.
2023-01-24 12:13:16,284 INFO Experience aayu22010@iiitd.ac.in created.
2023-01-24 12:13:16,495 INFO User aayush22011@iiitd.ac.in created.
2023-01-24 12:13:16,536 INFO Experience aayush22011@iiitd.ac.in created.
2023-01-24 12:13:16,751 INFO User abbas22012@iiitd.ac.in created.
2023-01-24 12:13:16,795 INFO Experience abbas22012@iiitd.ac.in created.
2023-01-24 12:13:17,001 INFO User abdullah22013@iiitd.ac.in created.
2023-01-24 12:13:17,043 INFO Experience abdullah22013@iiitd.ac.in created.
2023-01-24 12:13:17,255 INFO User abhay22014@iiitd.ac.in created.
2023-01-24 12:13:17,297 INFO Experience abhay22014@iiitd.ac.in created.
2023-01-24 12:13:17,501 INFO User abhay22015@iiitd.ac.in created.
2023-01-24 12:13:17,544 INFO Experience abhay22015@iiitd.ac.in created.
2023-01-24 12:13:17,753 INFO User abhay22016@iiitd.ac.in created.
2023-01-24 12:13:17,798 INFO Experience abhay22016@iiitd.ac.in created.
2023-01-24 12:13:18,011 INFO User abhijeet22017@iiitd.ac.in created.
2023-01-24 12:13:18,053 INFO Experience abhijeet22017@iiitd.ac.in created.
2023-01-24 12:13:18,261 INFO User abhinav22018@iiitd.ac.in created.
2023-01-24 12:13:18,302 INFO Experience abhinav22018@iiitd.ac.in created.
2023-01-24 12:13:18,511 INFO User abhirup22019@iiitd.ac.in created.
2023-01-24 12:13:18,551 INFO Experience abhirup22019@iiitd.ac.in created.
2023-01-24 12:13:18,789 INFO User abhishek22020@iiitd.ac.in created.
2023-01-24 12:13:18,840 INFO Experience abhishek22020@iiitd.ac.in created.
2023-01-24 12:13:19,049 INFO User abhishek22021@iiitd.ac.in created.
2023-01-24 12:13:19,093 INFO Experience abhishek22021@iiitd.ac.in created.
2023-01-24 12:13:19,301 INFO User abhishek22022@iiitd.ac.in created.
2023-01-24 12:13:19,344 INFO Experience abhishek22022@iiitd.ac.in created.
2023-01-24 12:13:19,553 INFO User abhishek22023@iiitd.ac.in created.
2023-01-24 12:13:19,596 INFO Experience abhishek22023@iiitd.ac.in created.
2023-01-24 12:13:19,805 INFO User adarsh22024@iiitd.ac.in created.
2023-01-24 12:13:19,849 INFO Experience adarsh22024@iiitd.ac.in created.
2023-01-24 12:13:20,058 INFO User aditi22025@iiitd.ac.in created.
2023-01-24 12:13:20,100 INFO Experience aditi22025@iiitd.ac.in created.
2023-01-24 12:13:20,307 INFO User aditi22026@iiitd.ac.in created.
2023-01-24 12:13:20,349 INFO Experience aditi22026@iiitd.ac.in created.
2023-01-24 12:13:20,558 INFO User aditri22027@iiitd.ac.in created.
2023-01-24 12:13:20,599 INFO Experience aditri22027@iiitd.ac.in created.
2023-01-24 12:13:20,825 INFO User aditya22028@iiitd.ac.in created.
2023-01-24 12:13:20,872 INFO Experience aditya22028@iiitd.ac.in created.
2023-01-24 12:13:21,085 INFO User aditya22029@iiitd.ac.in created.
2023-01-24 12:13:21,133 INFO Experience aditya22029@iiitd.ac.in created.
2023-01-24 12:13:21,339 INFO User aditya22030@iiitd.ac.in created.
2023-01-24 12:13:21,380 INFO Experience aditya22030@iiitd.ac.in created.
2023-01-24 12:13:21,590 INFO User aditya22031@iiitd.ac.in created.
2023-01-24 12:13:21,637 INFO Experience aditya22031@iiitd.ac.in created.
2023-01-24 12:13:21,844 INFO User aditya22032@iiitd.ac.in created.
2023-01-24 12:13:21,887 INFO Experience aditya22032@iiitd.ac.in created.
2023-01-24 12:13:22,096 INFO User aditya22033@iiitd.ac.in created.
2023-01-24 12:13:22,137 INFO Experience aditya22033@iiitd.ac.in created.
2023-01-24 12:13:22,350 INFO User aditya22034@iiitd.ac.in created.
2023-01-24 12:13:22,391 INFO Experience aditya22034@iiitd.ac.in created.
2023-01-24 12:13:22,600 INFO User aditya22035@iiitd.ac.in created.
2023-01-24 12:13:22,643 INFO Experience aditya22035@iiitd.ac.in created.
2023-01-24 12:13:22,857 INFO User aditya22036@iiitd.ac.in created.
2023-01-24 12:13:22,904 INFO Experience aditya22036@iiitd.ac.in created.
2023-01-24 12:13:23,119 INFO User aditya22037@iiitd.ac.in created.
2023-01-24 12:13:23,168 INFO Experience aditya22037@iiitd.ac.in created.
2023-01-24 12:13:23,374 INFO User aditya22038@iiitd.ac.in created.
2023-01-24 12:13:23,417 INFO Experience aditya22038@iiitd.ac.in created.
2023-01-24 12:13:23,626 INFO User aditya22039@iiitd.ac.in created.
2023-01-24 12:13:23,669 INFO Experience aditya22039@iiitd.ac.in created.
2023-01-24 12:13:23,873 INFO User aditya22040@iiitd.ac.in created.
2023-01-24 12:13:23,916 INFO Experience aditya22040@iiitd.ac.in created.
2023-01-24 12:13:24,135 INFO User aditya22041@iiitd.ac.in created.
2023-01-24 12:13:24,183 INFO Experience aditya22041@iiitd.ac.in created.
2023-01-24 12:13:24,395 INFO User advik22042@iiitd.ac.in created.
2023-01-24 12:13:24,439 INFO Experience advik22042@iiitd.ac.in created.
2023-01-24 12:13:24,649 INFO User adya22043@iiitd.ac.in created.
2023-01-24 12:13:24,691 INFO Experience adya22043@iiitd.ac.in created.
2023-01-24 12:13:24,913 INFO User agraney22044@iiitd.ac.in created.
2023-01-24 12:13:24,956 INFO Experience agraney22044@iiitd.ac.in created.
2023-01-24 12:13:25,169 INFO User agrim22045@iiitd.ac.in created.
2023-01-24 12:13:25,211 INFO Experience agrim22045@iiitd.ac.in created.
2023-01-24 12:13:25,421 INFO User akanksh22046@iiitd.ac.in created.
2023-01-24 12:13:25,462 INFO Experience akanksh22046@iiitd.ac.in created.
2023-01-24 12:13:25,668 INFO User akansh22047@iiitd.ac.in created.
2023-01-24 12:13:25,709 INFO Experience akansh22047@iiitd.ac.in created.
2023-01-24 12:13:25,918 INFO User akash22048@iiitd.ac.in created.
2023-01-24 12:13:25,962 INFO Experience akash22048@iiitd.ac.in created.
2023-01-24 12:13:26,174 INFO User akshansh22049@iiitd.ac.in created.
2023-01-24 12:13:26,218 INFO Experience akshansh22049@iiitd.ac.in created.
2023-01-24 12:13:26,436 INFO User akshat22050@iiitd.ac.in created.
2023-01-24 12:13:26,478 INFO Experience akshat22050@iiitd.ac.in created.
2023-01-24 12:13:26,689 INFO User akshat22051@iiitd.ac.in created.
2023-01-24 12:13:26,742 INFO Experience akshat22051@iiitd.ac.in created.
2023-01-24 12:13:26,970 INFO User akshat22052@iiitd.ac.in created.
2023-01-24 12:13:27,023 INFO Experience akshat22052@iiitd.ac.in created.
2023-01-24 12:13:27,248 INFO User akshat22053@iiitd.ac.in created.
2023-01-24 12:13:27,296 INFO Experience akshat22053@iiitd.ac.in created.
2023-01-24 12:13:27,520 INFO User akshat22054@iiitd.ac.in created.
2023-01-24 12:13:27,564 INFO Experience akshat22054@iiitd.ac.in created.
2023-01-24 12:13:27,777 INFO User akshat22055@iiitd.ac.in created.
2023-01-24 12:13:27,824 INFO Experience akshat22055@iiitd.ac.in created.
2023-01-24 12:13:28,035 INFO User akshat22056@iiitd.ac.in created.
